{"contracts\\FundMe.sol":{"l":{"24":0,"25":0,"29":3,"30":3,"34":0,"35":0,"36":0,"38":0,"40":0,"41":0,"53":2,"55":1,"56":1},"path":"C:\\Users\\HP\\OneDrive\\Desktop\\c\\blockchain\\re\\hardhat-fund-me-fcc\\contracts\\FundMe.sol","s":{"1":0,"2":3,"3":3,"4":0,"5":0,"6":0,"7":0,"8":0,"9":0,"10":2,"11":1,"12":1},"b":{"1":[0,0],"2":[0,0],"3":[1,1]},"f":{"1":0,"2":3,"3":0,"4":2},"fnMap":{"1":{"name":"onlyOwner","line":22,"loc":{"start":{"line":22,"column":4},"end":{"line":26,"column":4}}},"2":{"name":"constructor","line":28,"loc":{"start":{"line":28,"column":4},"end":{"line":31,"column":4}}},"3":{"name":"withdraw","line":33,"loc":{"start":{"line":33,"column":4},"end":{"line":42,"column":4}}},"4":{"name":"fund","line":52,"loc":{"start":{"line":52,"column":8},"end":{"line":57,"column":4}}}},"statementMap":{"1":{"start":{"line":24,"column":8},"end":{"line":24,"column":60}},"2":{"start":{"line":29,"column":8},"end":{"line":29,"column":27}},"3":{"start":{"line":30,"column":8},"end":{"line":30,"column":58}},"4":{"start":{"line":34,"column":8},"end":{"line":34,"column":942}},"5":{"start":{"line":35,"column":12},"end":{"line":35,"column":49}},"6":{"start":{"line":36,"column":12},"end":{"line":36,"column":44}},"7":{"start":{"line":38,"column":8},"end":{"line":38,"column":33}},"8":{"start":{"line":40,"column":8},"end":{"line":40,"column":89}},"9":{"start":{"line":41,"column":8},"end":{"line":41,"column":42}},"10":{"start":{"line":53,"column":8},"end":{"line":53,"column":100}},"11":{"start":{"line":55,"column":8},"end":{"line":55,"column":53}},"12":{"start":{"line":56,"column":8},"end":{"line":56,"column":31}}},"branchMap":{"1":{"line":24,"type":"if","locations":[{"start":{"line":24,"column":8},"end":{"line":24,"column":8}},{"start":{"line":24,"column":8},"end":{"line":24,"column":8}}]},"2":{"line":41,"type":"if","locations":[{"start":{"line":41,"column":8},"end":{"line":41,"column":8}},{"start":{"line":41,"column":8},"end":{"line":41,"column":8}}]},"3":{"line":53,"type":"if","locations":[{"start":{"line":53,"column":8},"end":{"line":53,"column":8}},{"start":{"line":53,"column":8},"end":{"line":53,"column":8}}]}}},"contracts\\PriceConverter.sol":{"l":{"12":2,"14":2,"23":2,"24":2,"26":2},"path":"C:\\Users\\HP\\OneDrive\\Desktop\\c\\blockchain\\re\\hardhat-fund-me-fcc\\contracts\\PriceConverter.sol","s":{"1":2,"2":2,"3":2,"4":2,"5":2},"b":{},"f":{"1":2,"2":2},"fnMap":{"1":{"name":"getPrice","line":10,"loc":{"start":{"line":10,"column":4},"end":{"line":15,"column":4}}},"2":{"name":"getConversionRate","line":18,"loc":{"start":{"line":18,"column":4},"end":{"line":27,"column":4}}}},"statementMap":{"1":{"start":{"line":12,"column":8},"end":{"line":12,"column":61}},"2":{"start":{"line":14,"column":8},"end":{"line":14,"column":44}},"3":{"start":{"line":23,"column":8},"end":{"line":23,"column":46}},"4":{"start":{"line":24,"column":8},"end":{"line":24,"column":77}},"5":{"start":{"line":26,"column":8},"end":{"line":26,"column":29}}},"branchMap":{}},"contracts\\test\\MockV3Aggregator.sol":{"l":{},"path":"C:\\Users\\HP\\OneDrive\\Desktop\\c\\blockchain\\re\\hardhat-fund-me-fcc\\contracts\\test\\MockV3Aggregator.sol","s":{},"b":{},"f":{},"fnMap":{},"statementMap":{},"branchMap":{}}}