TN:
SF:C:\Users\HP\OneDrive\Desktop\c\blockchain\re\hardhat-fund-me-fcc\contracts\FundMe.sol
FN:22,onlyOwner
FN:28,constructor
FN:33,withdraw
FN:52,fund
FNF:4
FNH:2
FNDA:0,onlyOwner
FNDA:3,constructor
FNDA:0,withdraw
FNDA:2,fund
DA:24,0
DA:25,0
DA:29,3
DA:30,3
DA:34,0
DA:35,0
DA:36,0
DA:38,0
DA:40,0
DA:41,0
DA:53,2
DA:55,1
DA:56,1
LF:13
LH:5
BRDA:24,1,0,0
BRDA:24,1,1,0
BRDA:41,2,0,0
BRDA:41,2,1,0
BRDA:53,3,0,1
BRDA:53,3,1,1
BRF:6
BRH:2
end_of_record
TN:
SF:C:\Users\HP\OneDrive\Desktop\c\blockchain\re\hardhat-fund-me-fcc\contracts\PriceConverter.sol
FN:10,getPrice
FN:18,getConversionRate
FNF:2
FNH:2
FNDA:2,getPrice
FNDA:2,getConversionRate
DA:12,2
DA:14,2
DA:23,2
DA:24,2
DA:26,2
LF:5
LH:5
BRF:0
BRH:0
end_of_record
TN:
SF:C:\Users\HP\OneDrive\Desktop\c\blockchain\re\hardhat-fund-me-fcc\contracts\test\MockV3Aggregator.sol
FNF:0
FNH:0
LF:0
LH:0
BRF:0
BRH:0
end_of_record
